<?xml version="1.0" encoding="UTF-8"?>
<!-- Generated by org.testng.reporters.JUnitReportReporter -->
<testsuite skipped="0" hostname="DESKTOP-O2BJR74" name="demo1.printinghii" tests="1" failures="0" timestamp="30 Dec 2019 16:28:29 GMT" time="0.018" errors="0">
  <testcase name="test1" time="0.018" classname="demo1.printinghii"/>
</testsuite> <!-- demo1.printinghii -->
