<?xml version="1.0" encoding="UTF-8"?>
<!-- Generated by org.testng.reporters.JUnitReportReporter -->
<testsuite skipped="0" hostname="DESKTOP-O2BJR74" name="demo1.printinghii" tests="1" failures="0" timestamp="4 Jan 2020 16:16:22 GMT" time="0.070" errors="0">
  <testcase name="test1" time="0.070" classname="demo1.printinghii"/>
</testsuite> <!-- demo1.printinghii -->
